{"C:\\Users\\Michelle Antunes\\Desktop\\classFlow_Backend\\src\\business\\TeacherBusiness.ts": {"path":"C:\\Users\\Michelle Antunes\\Desktop\\classFlow_Backend\\src\\business\\TeacherBusiness.ts","statementMap":{"0":{"start":{"line":5,"column":0},"end":{"line":5,"column":60}},"1":{"start":{"line":8,"column":0},"end":{"line":8,"column":47}},"2":{"start":{"line":9,"column":0},"end":{"line":9,"column":58}},"3":{"start":{"line":16,"column":12},"end":{"line":16,"column":44}},"4":{"start":{"line":17,"column":12},"end":{"line":17,"column":36}},"5":{"start":{"line":18,"column":12},"end":{"line":18,"column":38}},"6":{"start":{"line":19,"column":12},"end":{"line":19,"column":36}},"7":{"start":{"line":22,"column":9},"end":{"line":47,"column":4}},"8":{"start":{"line":22,"column":76},"end":{"line":47,"column":4}},"9":{"start":{"line":23,"column":38},"end":{"line":23,"column":43}},"10":{"start":{"line":24,"column":15},"end":{"line":24,"column":42}},"11":{"start":{"line":26,"column":27},"end":{"line":26,"column":64}},"12":{"start":{"line":27,"column":20},"end":{"line":33,"column":null}},"13":{"start":{"line":35,"column":22},"end":{"line":35,"column":41}},"14":{"start":{"line":36,"column":4},"end":{"line":36,"column":56}},"15":{"start":{"line":38,"column":34},"end":{"line":42,"column":6}},"16":{"start":{"line":43,"column":18},"end":{"line":43,"column":56}},"17":{"start":{"line":44,"column":36},"end":{"line":44,"column":45}},"18":{"start":{"line":46,"column":4},"end":{"line":46,"column":18}},"19":{"start":{"line":49,"column":9},"end":{"line":86,"column":4}},"20":{"start":{"line":49,"column":73},"end":{"line":86,"column":4}},"21":{"start":{"line":50,"column":32},"end":{"line":50,"column":37}},"22":{"start":{"line":52,"column":22},"end":{"line":52,"column":75}},"23":{"start":{"line":54,"column":4},"end":{"line":56,"column":5}},"24":{"start":{"line":55,"column":6},"end":{"line":55,"column":63}},"25":{"start":{"line":58,"column":20},"end":{"line":65,"column":null}},"26":{"start":{"line":67,"column":27},"end":{"line":67,"column":48}},"27":{"start":{"line":68,"column":30},"end":{"line":70,"column":null}},"28":{"start":{"line":73,"column":4},"end":{"line":75,"column":5}},"29":{"start":{"line":74,"column":6},"end":{"line":74,"column":63}},"30":{"start":{"line":77,"column":34},"end":{"line":81,"column":6}},"31":{"start":{"line":82,"column":18},"end":{"line":82,"column":56}},"32":{"start":{"line":83,"column":35},"end":{"line":83,"column":44}},"33":{"start":{"line":85,"column":4},"end":{"line":85,"column":18}},"34":{"start":{"line":87,"column":9},"end":{"line":103,"column":4}},"35":{"start":{"line":89,"column":21},"end":{"line":103,"column":4}},"36":{"start":{"line":90,"column":52},"end":{"line":90,"column":57}},"37":{"start":{"line":92,"column":4},"end":{"line":94,"column":5}},"38":{"start":{"line":93,"column":6},"end":{"line":93,"column":59}},"39":{"start":{"line":96,"column":20},"end":{"line":96,"column":73}},"40":{"start":{"line":97,"column":4},"end":{"line":99,"column":5}},"41":{"start":{"line":98,"column":6},"end":{"line":98,"column":60}},"42":{"start":{"line":101,"column":27},"end":{"line":101,"column":67}},"43":{"start":{"line":102,"column":4},"end":{"line":102,"column":76}},"44":{"start":{"line":14,"column":0},"end":{"line":14,"column":13}}},"fnMap":{"0":{"name":"(anonymous_7)","decl":{"start":{"line":15,"column":2},"end":{"line":15,"column":null}},"loc":{"start":{"line":19,"column":36},"end":{"line":20,"column":6}}},"1":{"name":"(anonymous_8)","decl":{"start":{"line":22,"column":18},"end":{"line":22,"column":25}},"loc":{"start":{"line":22,"column":76},"end":{"line":47,"column":4}}},"2":{"name":"(anonymous_9)","decl":{"start":{"line":22,"column":76},"end":{"line":22,"column":null}},"loc":{"start":{"line":22,"column":76},"end":{"line":47,"column":3}}},"3":{"name":"(anonymous_10)","decl":{"start":{"line":49,"column":17},"end":{"line":49,"column":24}},"loc":{"start":{"line":49,"column":73},"end":{"line":86,"column":4}}},"4":{"name":"(anonymous_11)","decl":{"start":{"line":49,"column":73},"end":{"line":49,"column":null}},"loc":{"start":{"line":49,"column":73},"end":{"line":86,"column":3}}},"5":{"name":"(anonymous_12)","decl":{"start":{"line":87,"column":25},"end":{"line":87,"column":null}},"loc":{"start":{"line":89,"column":21},"end":{"line":103,"column":4}}},"6":{"name":"(anonymous_13)","decl":{"start":{"line":89,"column":21},"end":{"line":89,"column":null}},"loc":{"start":{"line":89,"column":21},"end":{"line":103,"column":3}}}},"branchMap":{"0":{"loc":{"start":{"line":54,"column":4},"end":{"line":56,"column":5}},"type":"if","locations":[{"start":{"line":54,"column":4},"end":{"line":56,"column":5}}]},"1":{"loc":{"start":{"line":73,"column":4},"end":{"line":75,"column":5}},"type":"if","locations":[{"start":{"line":73,"column":4},"end":{"line":75,"column":5}}]},"2":{"loc":{"start":{"line":92,"column":4},"end":{"line":94,"column":5}},"type":"if","locations":[{"start":{"line":92,"column":4},"end":{"line":94,"column":5}}]},"3":{"loc":{"start":{"line":97,"column":4},"end":{"line":99,"column":5}},"type":"if","locations":[{"start":{"line":97,"column":4},"end":{"line":99,"column":5}}]}},"s":{"0":3,"1":3,"2":3,"3":3,"4":3,"5":3,"6":3,"7":3,"8":1,"9":1,"10":1,"11":1,"12":1,"13":1,"14":1,"15":1,"16":1,"17":1,"18":1,"19":3,"20":1,"21":1,"22":1,"23":1,"24":0,"25":1,"26":1,"27":1,"28":1,"29":0,"30":1,"31":1,"32":1,"33":1,"34":3,"35":1,"36":1,"37":1,"38":0,"39":1,"40":1,"41":0,"42":1,"43":1,"44":3},"f":{"0":3,"1":1,"2":1,"3":1,"4":1,"5":1,"6":1},"b":{"0":[0],"1":[0],"2":[0],"3":[0]}}
,"C:\\Users\\Michelle Antunes\\Desktop\\classFlow_Backend\\src\\database\\BaseDatabase.ts": {"path":"C:\\Users\\Michelle Antunes\\Desktop\\classFlow_Backend\\src\\database\\BaseDatabase.ts","statementMap":{"0":{"start":{"line":1,"column":0},"end":{"line":1,"column":28}},"1":{"start":{"line":2,"column":0},"end":{"line":2,"column":28}},"2":{"start":{"line":4,"column":0},"end":{"line":4,"column":16}},"3":{"start":{"line":6,"column":0},"end":{"line":6,"column":22}},"4":{"start":{"line":7,"column":19},"end":{"line":20,"column":5}},"5":{"start":{"line":17,"column":8},"end":{"line":17,"column":49}}},"fnMap":{"0":{"name":"(anonymous_1)","decl":{"start":{"line":16,"column":19},"end":{"line":16,"column":20}},"loc":{"start":{"line":16,"column":42},"end":{"line":18,"column":7}}}},"branchMap":{},"s":{"0":3,"1":3,"2":3,"3":3,"4":3,"5":0},"f":{"0":0},"b":{}}
,"C:\\Users\\Michelle Antunes\\Desktop\\classFlow_Backend\\src\\dtos\\teacher\\login.dto.ts": {"path":"C:\\Users\\Michelle Antunes\\Desktop\\classFlow_Backend\\src\\dtos\\teacher\\login.dto.ts","statementMap":{"0":{"start":{"line":1,"column":0},"end":{"line":1,"column":20}},"1":{"start":{"line":12,"column":13},"end":{"line":17,"column":46}},"2":{"start":{"line":17,"column":23},"end":{"line":17,"column":44}}},"fnMap":{"0":{"name":"(anonymous_1)","decl":{"start":{"line":17,"column":13},"end":{"line":17,"column":14}},"loc":{"start":{"line":17,"column":23},"end":{"line":17,"column":44}}}},"branchMap":{},"s":{"0":1,"1":1,"2":1},"f":{"0":1},"b":{}}
,"C:\\Users\\Michelle Antunes\\Desktop\\classFlow_Backend\\src\\dtos\\teacher\\resetPassword.dto.ts": {"path":"C:\\Users\\Michelle Antunes\\Desktop\\classFlow_Backend\\src\\dtos\\teacher\\resetPassword.dto.ts","statementMap":{"0":{"start":{"line":1,"column":0},"end":{"line":1,"column":20}},"1":{"start":{"line":12,"column":13},"end":{"line":18,"column":54}},"2":{"start":{"line":18,"column":23},"end":{"line":18,"column":52}}},"fnMap":{"0":{"name":"(anonymous_1)","decl":{"start":{"line":18,"column":13},"end":{"line":18,"column":14}},"loc":{"start":{"line":18,"column":23},"end":{"line":18,"column":52}}}},"branchMap":{},"s":{"0":1,"1":1,"2":1},"f":{"0":1},"b":{}}
,"C:\\Users\\Michelle Antunes\\Desktop\\classFlow_Backend\\src\\dtos\\teacher\\signup.dto.ts": {"path":"C:\\Users\\Michelle Antunes\\Desktop\\classFlow_Backend\\src\\dtos\\teacher\\signup.dto.ts","statementMap":{"0":{"start":{"line":1,"column":0},"end":{"line":1,"column":20}},"1":{"start":{"line":13,"column":13},"end":{"line":19,"column":47}},"2":{"start":{"line":19,"column":23},"end":{"line":19,"column":45}}},"fnMap":{"0":{"name":"(anonymous_1)","decl":{"start":{"line":19,"column":13},"end":{"line":19,"column":14}},"loc":{"start":{"line":19,"column":23},"end":{"line":19,"column":45}}}},"branchMap":{},"s":{"0":1,"1":1,"2":1},"f":{"0":1},"b":{}}
,"C:\\Users\\Michelle Antunes\\Desktop\\classFlow_Backend\\src\\errors\\BadRequestError.ts": {"path":"C:\\Users\\Michelle Antunes\\Desktop\\classFlow_Backend\\src\\errors\\BadRequestError.ts","statementMap":{"0":{"start":{"line":1,"column":0},"end":{"line":1,"column":40}},"1":{"start":{"line":5,"column":4},"end":{"line":5,"column":24}},"2":{"start":{"line":3,"column":0},"end":{"line":3,"column":13}}},"fnMap":{"0":{"name":"(anonymous_0)","decl":{"start":{"line":4,"column":2},"end":{"line":4,"column":14}},"loc":{"start":{"line":4,"column":53},"end":{"line":6,"column":3}}}},"branchMap":{"0":{"loc":{"start":{"line":4,"column":14},"end":{"line":4,"column":53}},"type":"default-arg","locations":[{"start":{"line":4,"column":32},"end":{"line":4,"column":53}}]}},"s":{"0":3,"1":0,"2":3},"f":{"0":0},"b":{"0":[0]}}
,"C:\\Users\\Michelle Antunes\\Desktop\\classFlow_Backend\\src\\errors\\BaseError.ts": {"path":"C:\\Users\\Michelle Antunes\\Desktop\\classFlow_Backend\\src\\errors\\BaseError.ts","statementMap":{"0":{"start":{"line":3,"column":4},"end":{"line":3,"column":19}},"1":{"start":{"line":2,"column":21},"end":{"line":2,"column":39}},"2":{"start":{"line":1,"column":0},"end":{"line":1,"column":22}}},"fnMap":{"0":{"name":"(anonymous_0)","decl":{"start":{"line":2,"column":2},"end":{"line":2,"column":21}},"loc":{"start":{"line":2,"column":56},"end":{"line":4,"column":3}}}},"branchMap":{},"s":{"0":0,"1":0,"2":3},"f":{"0":0},"b":{}}
,"C:\\Users\\Michelle Antunes\\Desktop\\classFlow_Backend\\src\\models\\Student.ts": {"path":"C:\\Users\\Michelle Antunes\\Desktop\\classFlow_Backend\\src\\models\\Student.ts","statementMap":{"0":{"start":{"line":1,"column":0},"end":{"line":1,"column":null}},"1":{"start":{"line":2,"column":2},"end":{"line":2,"column":null}},"2":{"start":{"line":3,"column":2},"end":{"line":3,"column":null}},"3":{"start":{"line":86,"column":12},"end":{"line":86,"column":22}},"4":{"start":{"line":87,"column":12},"end":{"line":87,"column":29}},"5":{"start":{"line":88,"column":12},"end":{"line":88,"column":34}},"6":{"start":{"line":89,"column":12},"end":{"line":89,"column":29}},"7":{"start":{"line":90,"column":12},"end":{"line":90,"column":29}},"8":{"start":{"line":91,"column":12},"end":{"line":91,"column":29}},"9":{"start":{"line":95,"column":4},"end":{"line":95,"column":19}},"10":{"start":{"line":98,"column":4},"end":{"line":98,"column":20}},"11":{"start":{"line":101,"column":4},"end":{"line":101,"column":26}},"12":{"start":{"line":104,"column":4},"end":{"line":104,"column":27}},"13":{"start":{"line":107,"column":4},"end":{"line":107,"column":31}},"14":{"start":{"line":110,"column":4},"end":{"line":110,"column":32}},"15":{"start":{"line":113,"column":4},"end":{"line":113,"column":26}},"16":{"start":{"line":116,"column":4},"end":{"line":116,"column":27}},"17":{"start":{"line":119,"column":4},"end":{"line":119,"column":26}},"18":{"start":{"line":122,"column":4},"end":{"line":122,"column":27}},"19":{"start":{"line":125,"column":4},"end":{"line":125,"column":26}},"20":{"start":{"line":128,"column":4},"end":{"line":128,"column":27}},"21":{"start":{"line":131,"column":4},"end":{"line":138,"column":6}},"22":{"start":{"line":84,"column":0},"end":{"line":84,"column":13}},"23":{"start":{"line":152,"column":12},"end":{"line":152,"column":22}},"24":{"start":{"line":153,"column":12},"end":{"line":153,"column":29}},"25":{"start":{"line":154,"column":12},"end":{"line":154,"column":29}},"26":{"start":{"line":155,"column":12},"end":{"line":155,"column":29}},"27":{"start":{"line":156,"column":12},"end":{"line":156,"column":29}},"28":{"start":{"line":157,"column":12},"end":{"line":157,"column":29}},"29":{"start":{"line":161,"column":4},"end":{"line":161,"column":19}},"30":{"start":{"line":164,"column":4},"end":{"line":164,"column":20}},"31":{"start":{"line":167,"column":4},"end":{"line":167,"column":26}},"32":{"start":{"line":170,"column":4},"end":{"line":170,"column":27}},"33":{"start":{"line":173,"column":4},"end":{"line":173,"column":26}},"34":{"start":{"line":176,"column":4},"end":{"line":176,"column":27}},"35":{"start":{"line":179,"column":4},"end":{"line":179,"column":26}},"36":{"start":{"line":182,"column":4},"end":{"line":182,"column":27}},"37":{"start":{"line":185,"column":4},"end":{"line":185,"column":26}},"38":{"start":{"line":188,"column":4},"end":{"line":188,"column":27}},"39":{"start":{"line":191,"column":4},"end":{"line":191,"column":26}},"40":{"start":{"line":194,"column":4},"end":{"line":194,"column":27}},"41":{"start":{"line":197,"column":4},"end":{"line":204,"column":6}},"42":{"start":{"line":150,"column":0},"end":{"line":150,"column":13}},"43":{"start":{"line":210,"column":12},"end":{"line":210,"column":22}},"44":{"start":{"line":211,"column":12},"end":{"line":211,"column":24}},"45":{"start":{"line":212,"column":12},"end":{"line":212,"column":25}},"46":{"start":{"line":213,"column":12},"end":{"line":213,"column":32}},"47":{"start":{"line":214,"column":12},"end":{"line":214,"column":30}},"48":{"start":{"line":215,"column":12},"end":{"line":215,"column":26}},"49":{"start":{"line":216,"column":12},"end":{"line":216,"column":37}},"50":{"start":{"line":217,"column":12},"end":{"line":217,"column":29}},"51":{"start":{"line":218,"column":12},"end":{"line":218,"column":31}},"52":{"start":{"line":219,"column":12},"end":{"line":219,"column":29}},"53":{"start":{"line":220,"column":12},"end":{"line":220,"column":28}},"54":{"start":{"line":221,"column":12},"end":{"line":221,"column":29}},"55":{"start":{"line":222,"column":12},"end":{"line":222,"column":44}},"56":{"start":{"line":225,"column":4},"end":{"line":225,"column":19}},"57":{"start":{"line":228,"column":4},"end":{"line":228,"column":20}},"58":{"start":{"line":231,"column":4},"end":{"line":231,"column":22}},"59":{"start":{"line":234,"column":4},"end":{"line":234,"column":23}},"60":{"start":{"line":238,"column":4},"end":{"line":238,"column":28}},"61":{"start":{"line":241,"column":4},"end":{"line":241,"column":29}},"62":{"start":{"line":245,"column":4},"end":{"line":245,"column":21}},"63":{"start":{"line":248,"column":4},"end":{"line":248,"column":22}},"64":{"start":{"line":251,"column":4},"end":{"line":251,"column":22}},"65":{"start":{"line":254,"column":4},"end":{"line":254,"column":23}},"66":{"start":{"line":257,"column":4},"end":{"line":257,"column":22}},"67":{"start":{"line":260,"column":4},"end":{"line":260,"column":23}},"68":{"start":{"line":263,"column":4},"end":{"line":263,"column":20}},"69":{"start":{"line":266,"column":4},"end":{"line":266,"column":21}},"70":{"start":{"line":269,"column":4},"end":{"line":279,"column":5}},"71":{"start":{"line":270,"column":6},"end":{"line":278,"column":7}},"72":{"start":{"line":271,"column":26},"end":{"line":271,"column":49}},"73":{"start":{"line":272,"column":8},"end":{"line":275,"column":10}},"74":{"start":{"line":277,"column":8},"end":{"line":277,"column":20}},"75":{"start":{"line":280,"column":4},"end":{"line":280,"column":39}},"76":{"start":{"line":283,"column":4},"end":{"line":283,"column":23}},"77":{"start":{"line":286,"column":4},"end":{"line":286,"column":26}},"78":{"start":{"line":289,"column":4},"end":{"line":289,"column":27}},"79":{"start":{"line":292,"column":4},"end":{"line":292,"column":28}},"80":{"start":{"line":295,"column":4},"end":{"line":295,"column":29}},"81":{"start":{"line":298,"column":4},"end":{"line":298,"column":26}},"82":{"start":{"line":301,"column":4},"end":{"line":301,"column":27}},"83":{"start":{"line":304,"column":4},"end":{"line":304,"column":21}},"84":{"start":{"line":307,"column":4},"end":{"line":307,"column":22}},"85":{"start":{"line":310,"column":4},"end":{"line":310,"column":26}},"86":{"start":{"line":313,"column":4},"end":{"line":313,"column":27}},"87":{"start":{"line":316,"column":4},"end":{"line":335,"column":6}},"88":{"start":{"line":322,"column":39},"end":{"line":325,"column":8}},"89":{"start":{"line":326,"column":57},"end":{"line":329,"column":8}},"90":{"start":{"line":339,"column":4},"end":{"line":361,"column":6}},"91":{"start":{"line":345,"column":39},"end":{"line":348,"column":8}},"92":{"start":{"line":349,"column":57},"end":{"line":352,"column":8}},"93":{"start":{"line":208,"column":0},"end":{"line":208,"column":13}}},"fnMap":{"0":{"name":"(anonymous_0)","decl":{"start":{"line":1,"column":0},"end":{"line":1,"column":12}},"loc":{"start":{"line":1,"column":22},"end":{"line":4,"column":1}}},"1":{"name":"(anonymous_1)","decl":{"start":{"line":85,"column":2},"end":{"line":85,"column":null}},"loc":{"start":{"line":91,"column":29},"end":{"line":92,"column":6}}},"2":{"name":"(anonymous_2)","decl":{"start":{"line":94,"column":9},"end":{"line":94,"column":24}},"loc":{"start":{"line":94,"column":24},"end":{"line":96,"column":3}}},"3":{"name":"(anonymous_3)","decl":{"start":{"line":97,"column":9},"end":{"line":97,"column":24}},"loc":{"start":{"line":97,"column":38},"end":{"line":99,"column":3}}},"4":{"name":"(anonymous_4)","decl":{"start":{"line":100,"column":9},"end":{"line":100,"column":21}},"loc":{"start":{"line":100,"column":21},"end":{"line":102,"column":3}}},"5":{"name":"(anonymous_5)","decl":{"start":{"line":103,"column":9},"end":{"line":103,"column":21}},"loc":{"start":{"line":103,"column":35},"end":{"line":105,"column":3}}},"6":{"name":"(anonymous_6)","decl":{"start":{"line":106,"column":9},"end":{"line":106,"column":22}},"loc":{"start":{"line":106,"column":22},"end":{"line":108,"column":3}}},"7":{"name":"(anonymous_7)","decl":{"start":{"line":109,"column":9},"end":{"line":109,"column":26}},"loc":{"start":{"line":109,"column":40},"end":{"line":111,"column":3}}},"8":{"name":"(anonymous_8)","decl":{"start":{"line":112,"column":9},"end":{"line":112,"column":21}},"loc":{"start":{"line":112,"column":21},"end":{"line":114,"column":3}}},"9":{"name":"(anonymous_9)","decl":{"start":{"line":115,"column":9},"end":{"line":115,"column":21}},"loc":{"start":{"line":115,"column":35},"end":{"line":117,"column":3}}},"10":{"name":"(anonymous_10)","decl":{"start":{"line":118,"column":9},"end":{"line":118,"column":21}},"loc":{"start":{"line":118,"column":21},"end":{"line":120,"column":3}}},"11":{"name":"(anonymous_11)","decl":{"start":{"line":121,"column":9},"end":{"line":121,"column":21}},"loc":{"start":{"line":121,"column":35},"end":{"line":123,"column":3}}},"12":{"name":"(anonymous_12)","decl":{"start":{"line":124,"column":9},"end":{"line":124,"column":21}},"loc":{"start":{"line":124,"column":21},"end":{"line":126,"column":3}}},"13":{"name":"(anonymous_13)","decl":{"start":{"line":127,"column":9},"end":{"line":127,"column":21}},"loc":{"start":{"line":127,"column":35},"end":{"line":129,"column":3}}},"14":{"name":"(anonymous_14)","decl":{"start":{"line":130,"column":9},"end":{"line":130,"column":18}},"loc":{"start":{"line":130,"column":18},"end":{"line":139,"column":3}}},"15":{"name":"(anonymous_15)","decl":{"start":{"line":151,"column":2},"end":{"line":151,"column":null}},"loc":{"start":{"line":157,"column":29},"end":{"line":158,"column":6}}},"16":{"name":"(anonymous_16)","decl":{"start":{"line":160,"column":9},"end":{"line":160,"column":18}},"loc":{"start":{"line":160,"column":18},"end":{"line":162,"column":3}}},"17":{"name":"(anonymous_17)","decl":{"start":{"line":163,"column":9},"end":{"line":163,"column":18}},"loc":{"start":{"line":163,"column":32},"end":{"line":165,"column":3}}},"18":{"name":"(anonymous_18)","decl":{"start":{"line":166,"column":9},"end":{"line":166,"column":21}},"loc":{"start":{"line":166,"column":21},"end":{"line":168,"column":3}}},"19":{"name":"(anonymous_19)","decl":{"start":{"line":169,"column":9},"end":{"line":169,"column":21}},"loc":{"start":{"line":169,"column":35},"end":{"line":171,"column":3}}},"20":{"name":"(anonymous_20)","decl":{"start":{"line":172,"column":9},"end":{"line":172,"column":17}},"loc":{"start":{"line":172,"column":17},"end":{"line":174,"column":3}}},"21":{"name":"(anonymous_21)","decl":{"start":{"line":175,"column":9},"end":{"line":175,"column":21}},"loc":{"start":{"line":175,"column":35},"end":{"line":177,"column":3}}},"22":{"name":"(anonymous_22)","decl":{"start":{"line":178,"column":9},"end":{"line":178,"column":21}},"loc":{"start":{"line":178,"column":21},"end":{"line":180,"column":3}}},"23":{"name":"(anonymous_23)","decl":{"start":{"line":181,"column":9},"end":{"line":181,"column":21}},"loc":{"start":{"line":181,"column":35},"end":{"line":183,"column":3}}},"24":{"name":"(anonymous_24)","decl":{"start":{"line":184,"column":9},"end":{"line":184,"column":21}},"loc":{"start":{"line":184,"column":21},"end":{"line":186,"column":3}}},"25":{"name":"(anonymous_25)","decl":{"start":{"line":187,"column":9},"end":{"line":187,"column":21}},"loc":{"start":{"line":187,"column":35},"end":{"line":189,"column":3}}},"26":{"name":"(anonymous_26)","decl":{"start":{"line":190,"column":9},"end":{"line":190,"column":21}},"loc":{"start":{"line":190,"column":21},"end":{"line":192,"column":3}}},"27":{"name":"(anonymous_27)","decl":{"start":{"line":193,"column":9},"end":{"line":193,"column":21}},"loc":{"start":{"line":193,"column":35},"end":{"line":195,"column":3}}},"28":{"name":"(anonymous_28)","decl":{"start":{"line":196,"column":9},"end":{"line":196,"column":18}},"loc":{"start":{"line":196,"column":18},"end":{"line":205,"column":3}}},"29":{"name":"(anonymous_29)","decl":{"start":{"line":209,"column":2},"end":{"line":209,"column":null}},"loc":{"start":{"line":222,"column":44},"end":{"line":223,"column":6}}},"30":{"name":"(anonymous_30)","decl":{"start":{"line":224,"column":9},"end":{"line":224,"column":14}},"loc":{"start":{"line":224,"column":14},"end":{"line":226,"column":3}}},"31":{"name":"(anonymous_31)","decl":{"start":{"line":227,"column":9},"end":{"line":227,"column":14}},"loc":{"start":{"line":227,"column":28},"end":{"line":229,"column":3}}},"32":{"name":"(anonymous_32)","decl":{"start":{"line":230,"column":9},"end":{"line":230,"column":17}},"loc":{"start":{"line":230,"column":17},"end":{"line":232,"column":3}}},"33":{"name":"(anonymous_33)","decl":{"start":{"line":233,"column":9},"end":{"line":233,"column":17}},"loc":{"start":{"line":233,"column":32},"end":{"line":235,"column":3}}},"34":{"name":"(anonymous_34)","decl":{"start":{"line":237,"column":9},"end":{"line":237,"column":23}},"loc":{"start":{"line":237,"column":23},"end":{"line":239,"column":3}}},"35":{"name":"(anonymous_35)","decl":{"start":{"line":240,"column":9},"end":{"line":240,"column":23}},"loc":{"start":{"line":240,"column":43},"end":{"line":242,"column":3}}},"36":{"name":"(anonymous_36)","decl":{"start":{"line":244,"column":9},"end":{"line":244,"column":16}},"loc":{"start":{"line":244,"column":16},"end":{"line":246,"column":3}}},"37":{"name":"(anonymous_37)","decl":{"start":{"line":247,"column":9},"end":{"line":247,"column":16}},"loc":{"start":{"line":247,"column":30},"end":{"line":249,"column":3}}},"38":{"name":"(anonymous_38)","decl":{"start":{"line":250,"column":9},"end":{"line":250,"column":17}},"loc":{"start":{"line":250,"column":17},"end":{"line":252,"column":3}}},"39":{"name":"(anonymous_39)","decl":{"start":{"line":253,"column":9},"end":{"line":253,"column":17}},"loc":{"start":{"line":253,"column":31},"end":{"line":255,"column":3}}},"40":{"name":"(anonymous_40)","decl":{"start":{"line":256,"column":9},"end":{"line":256,"column":17}},"loc":{"start":{"line":256,"column":17},"end":{"line":258,"column":3}}},"41":{"name":"(anonymous_41)","decl":{"start":{"line":259,"column":9},"end":{"line":259,"column":17}},"loc":{"start":{"line":259,"column":31},"end":{"line":261,"column":3}}},"42":{"name":"(anonymous_42)","decl":{"start":{"line":262,"column":9},"end":{"line":262,"column":15}},"loc":{"start":{"line":262,"column":15},"end":{"line":264,"column":3}}},"43":{"name":"(anonymous_43)","decl":{"start":{"line":265,"column":9},"end":{"line":265,"column":15}},"loc":{"start":{"line":265,"column":29},"end":{"line":267,"column":3}}},"44":{"name":"(anonymous_44)","decl":{"start":{"line":268,"column":9},"end":{"line":268,"column":17}},"loc":{"start":{"line":268,"column":17},"end":{"line":281,"column":3}}},"45":{"name":"(anonymous_45)","decl":{"start":{"line":282,"column":9},"end":{"line":282,"column":17}},"loc":{"start":{"line":282,"column":50},"end":{"line":284,"column":3}}},"46":{"name":"(anonymous_46)","decl":{"start":{"line":285,"column":9},"end":{"line":285,"column":21}},"loc":{"start":{"line":285,"column":21},"end":{"line":287,"column":3}}},"47":{"name":"(anonymous_47)","decl":{"start":{"line":288,"column":9},"end":{"line":288,"column":21}},"loc":{"start":{"line":288,"column":35},"end":{"line":290,"column":3}}},"48":{"name":"(anonymous_48)","decl":{"start":{"line":291,"column":9},"end":{"line":291,"column":23}},"loc":{"start":{"line":291,"column":23},"end":{"line":293,"column":3}}},"49":{"name":"(anonymous_49)","decl":{"start":{"line":294,"column":9},"end":{"line":294,"column":23}},"loc":{"start":{"line":294,"column":37},"end":{"line":296,"column":3}}},"50":{"name":"(anonymous_50)","decl":{"start":{"line":297,"column":9},"end":{"line":297,"column":21}},"loc":{"start":{"line":297,"column":21},"end":{"line":299,"column":3}}},"51":{"name":"(anonymous_51)","decl":{"start":{"line":300,"column":9},"end":{"line":300,"column":21}},"loc":{"start":{"line":300,"column":35},"end":{"line":302,"column":3}}},"52":{"name":"(anonymous_52)","decl":{"start":{"line":303,"column":9},"end":{"line":303,"column":16}},"loc":{"start":{"line":303,"column":16},"end":{"line":305,"column":3}}},"53":{"name":"(anonymous_53)","decl":{"start":{"line":306,"column":9},"end":{"line":306,"column":16}},"loc":{"start":{"line":306,"column":34},"end":{"line":308,"column":3}}},"54":{"name":"(anonymous_54)","decl":{"start":{"line":309,"column":9},"end":{"line":309,"column":20}},"loc":{"start":{"line":309,"column":20},"end":{"line":311,"column":3}}},"55":{"name":"(anonymous_55)","decl":{"start":{"line":312,"column":9},"end":{"line":312,"column":20}},"loc":{"start":{"line":312,"column":34},"end":{"line":314,"column":3}}},"56":{"name":"(anonymous_56)","decl":{"start":{"line":315,"column":9},"end":{"line":315,"column":18}},"loc":{"start":{"line":315,"column":18},"end":{"line":336,"column":3}}},"57":{"name":"(anonymous_57)","decl":{"start":{"line":322,"column":28},"end":{"line":322,"column":29}},"loc":{"start":{"line":322,"column":39},"end":{"line":325,"column":8}}},"58":{"name":"(anonymous_58)","decl":{"start":{"line":326,"column":40},"end":{"line":326,"column":41}},"loc":{"start":{"line":326,"column":57},"end":{"line":329,"column":8}}},"59":{"name":"(anonymous_59)","decl":{"start":{"line":338,"column":9},"end":{"line":338,"column":24}},"loc":{"start":{"line":338,"column":24},"end":{"line":362,"column":3}}},"60":{"name":"(anonymous_60)","decl":{"start":{"line":345,"column":28},"end":{"line":345,"column":29}},"loc":{"start":{"line":345,"column":39},"end":{"line":348,"column":8}}},"61":{"name":"(anonymous_61)","decl":{"start":{"line":349,"column":40},"end":{"line":349,"column":41}},"loc":{"start":{"line":349,"column":57},"end":{"line":352,"column":8}}}},"branchMap":{"0":{"loc":{"start":{"line":1,"column":12},"end":{"line":1,"column":null}},"type":"binary-expr","locations":[{"start":{"line":1,"column":12},"end":{"line":1,"column":22}},{"start":{"line":1,"column":22},"end":{"line":1,"column":null}}]},"1":{"loc":{"start":{"line":269,"column":4},"end":{"line":279,"column":5}},"type":"if","locations":[{"start":{"line":269,"column":4},"end":{"line":279,"column":5}}]},"2":{"loc":{"start":{"line":269,"column":8},"end":{"line":269,"column":52}},"type":"binary-expr","locations":[{"start":{"line":269,"column":8},"end":{"line":269,"column":18}},{"start":{"line":269,"column":22},"end":{"line":269,"column":52}}]},"3":{"loc":{"start":{"line":270,"column":6},"end":{"line":278,"column":7}},"type":"if","locations":[{"start":{"line":270,"column":6},"end":{"line":278,"column":7}},{"start":{"line":276,"column":13},"end":{"line":278,"column":7}}]}},"s":{"0":3,"1":3,"2":3,"3":0,"4":0,"5":0,"6":0,"7":0,"8":0,"9":0,"10":0,"11":0,"12":0,"13":0,"14":0,"15":0,"16":0,"17":0,"18":0,"19":0,"20":0,"21":0,"22":3,"23":0,"24":0,"25":0,"26":0,"27":0,"28":0,"29":0,"30":0,"31":0,"32":0,"33":0,"34":0,"35":0,"36":0,"37":0,"38":0,"39":0,"40":0,"41":0,"42":3,"43":0,"44":0,"45":0,"46":0,"47":0,"48":0,"49":0,"50":0,"51":0,"52":0,"53":0,"54":0,"55":0,"56":0,"57":0,"58":0,"59":0,"60":0,"61":0,"62":0,"63":0,"64":0,"65":0,"66":0,"67":0,"68":0,"69":0,"70":0,"71":0,"72":0,"73":0,"74":0,"75":0,"76":0,"77":0,"78":0,"79":0,"80":0,"81":0,"82":0,"83":0,"84":0,"85":0,"86":0,"87":0,"88":0,"89":0,"90":0,"91":0,"92":0,"93":3},"f":{"0":3,"1":0,"2":0,"3":0,"4":0,"5":0,"6":0,"7":0,"8":0,"9":0,"10":0,"11":0,"12":0,"13":0,"14":0,"15":0,"16":0,"17":0,"18":0,"19":0,"20":0,"21":0,"22":0,"23":0,"24":0,"25":0,"26":0,"27":0,"28":0,"29":0,"30":0,"31":0,"32":0,"33":0,"34":0,"35":0,"36":0,"37":0,"38":0,"39":0,"40":0,"41":0,"42":0,"43":0,"44":0,"45":0,"46":0,"47":0,"48":0,"49":0,"50":0,"51":0,"52":0,"53":0,"54":0,"55":0,"56":0,"57":0,"58":0,"59":0,"60":0,"61":0},"b":{"0":[3,3],"1":[0],"2":[0,0],"3":[0,0]}}
,"C:\\Users\\Michelle Antunes\\Desktop\\classFlow_Backend\\src\\models\\Teacher.ts": {"path":"C:\\Users\\Michelle Antunes\\Desktop\\classFlow_Backend\\src\\models\\Teacher.ts","statementMap":{"0":{"start":{"line":1,"column":0},"end":{"line":1,"column":null}},"1":{"start":{"line":2,"column":2},"end":{"line":2,"column":null}},"2":{"start":{"line":3,"column":2},"end":{"line":3,"column":null}},"3":{"start":{"line":38,"column":12},"end":{"line":38,"column":22}},"4":{"start":{"line":39,"column":12},"end":{"line":39,"column":24}},"5":{"start":{"line":40,"column":12},"end":{"line":40,"column":25}},"6":{"start":{"line":41,"column":12},"end":{"line":41,"column":28}},"7":{"start":{"line":42,"column":12},"end":{"line":42,"column":29}},"8":{"start":{"line":43,"column":12},"end":{"line":43,"column":28}},"9":{"start":{"line":44,"column":12},"end":{"line":44,"column":57}},"10":{"start":{"line":47,"column":4},"end":{"line":47,"column":19}},"11":{"start":{"line":50,"column":4},"end":{"line":50,"column":20}},"12":{"start":{"line":53,"column":4},"end":{"line":53,"column":21}},"13":{"start":{"line":56,"column":4},"end":{"line":56,"column":22}},"14":{"start":{"line":59,"column":4},"end":{"line":59,"column":22}},"15":{"start":{"line":62,"column":4},"end":{"line":62,"column":23}},"16":{"start":{"line":66,"column":4},"end":{"line":66,"column":25}},"17":{"start":{"line":69,"column":4},"end":{"line":69,"column":26}},"18":{"start":{"line":72,"column":4},"end":{"line":85,"column":5}},"19":{"start":{"line":73,"column":6},"end":{"line":84,"column":7}},"20":{"start":{"line":75,"column":26},"end":{"line":75,"column":49}},"21":{"start":{"line":76,"column":8},"end":{"line":79,"column":10}},"22":{"start":{"line":83,"column":8},"end":{"line":83,"column":20}},"23":{"start":{"line":86,"column":4},"end":{"line":86,"column":39}},"24":{"start":{"line":90,"column":4},"end":{"line":90,"column":23}},"25":{"start":{"line":93,"column":4},"end":{"line":93,"column":26}},"26":{"start":{"line":96,"column":4},"end":{"line":96,"column":27}},"27":{"start":{"line":99,"column":4},"end":{"line":99,"column":21}},"28":{"start":{"line":102,"column":4},"end":{"line":102,"column":22}},"29":{"start":{"line":107,"column":4},"end":{"line":114,"column":6}},"30":{"start":{"line":117,"column":4},"end":{"line":123,"column":6}},"31":{"start":{"line":36,"column":0},"end":{"line":36,"column":13}}},"fnMap":{"0":{"name":"(anonymous_0)","decl":{"start":{"line":1,"column":0},"end":{"line":1,"column":12}},"loc":{"start":{"line":1,"column":22},"end":{"line":4,"column":1}}},"1":{"name":"(anonymous_1)","decl":{"start":{"line":37,"column":2},"end":{"line":37,"column":null}},"loc":{"start":{"line":44,"column":57},"end":{"line":45,"column":6}}},"2":{"name":"(anonymous_2)","decl":{"start":{"line":46,"column":9},"end":{"line":46,"column":14}},"loc":{"start":{"line":46,"column":14},"end":{"line":48,"column":3}}},"3":{"name":"(anonymous_3)","decl":{"start":{"line":49,"column":9},"end":{"line":49,"column":14}},"loc":{"start":{"line":49,"column":28},"end":{"line":51,"column":3}}},"4":{"name":"(anonymous_4)","decl":{"start":{"line":52,"column":9},"end":{"line":52,"column":16}},"loc":{"start":{"line":52,"column":16},"end":{"line":54,"column":3}}},"5":{"name":"(anonymous_5)","decl":{"start":{"line":55,"column":9},"end":{"line":55,"column":16}},"loc":{"start":{"line":55,"column":30},"end":{"line":57,"column":3}}},"6":{"name":"(anonymous_6)","decl":{"start":{"line":58,"column":9},"end":{"line":58,"column":17}},"loc":{"start":{"line":58,"column":17},"end":{"line":60,"column":3}}},"7":{"name":"(anonymous_7)","decl":{"start":{"line":61,"column":9},"end":{"line":61,"column":17}},"loc":{"start":{"line":61,"column":31},"end":{"line":63,"column":3}}},"8":{"name":"(anonymous_8)","decl":{"start":{"line":65,"column":9},"end":{"line":65,"column":20}},"loc":{"start":{"line":65,"column":20},"end":{"line":67,"column":3}}},"9":{"name":"(anonymous_9)","decl":{"start":{"line":68,"column":9},"end":{"line":68,"column":20}},"loc":{"start":{"line":68,"column":34},"end":{"line":70,"column":3}}},"10":{"name":"(anonymous_10)","decl":{"start":{"line":71,"column":9},"end":{"line":71,"column":17}},"loc":{"start":{"line":71,"column":17},"end":{"line":87,"column":3}}},"11":{"name":"(anonymous_11)","decl":{"start":{"line":89,"column":9},"end":{"line":89,"column":17}},"loc":{"start":{"line":89,"column":50},"end":{"line":91,"column":3}}},"12":{"name":"(anonymous_12)","decl":{"start":{"line":92,"column":9},"end":{"line":92,"column":21}},"loc":{"start":{"line":92,"column":21},"end":{"line":94,"column":3}}},"13":{"name":"(anonymous_13)","decl":{"start":{"line":95,"column":9},"end":{"line":95,"column":21}},"loc":{"start":{"line":95,"column":35},"end":{"line":97,"column":3}}},"14":{"name":"(anonymous_14)","decl":{"start":{"line":98,"column":9},"end":{"line":98,"column":16}},"loc":{"start":{"line":98,"column":16},"end":{"line":100,"column":3}}},"15":{"name":"(anonymous_15)","decl":{"start":{"line":101,"column":9},"end":{"line":101,"column":16}},"loc":{"start":{"line":101,"column":34},"end":{"line":103,"column":3}}},"16":{"name":"(anonymous_16)","decl":{"start":{"line":106,"column":9},"end":{"line":106,"column":18}},"loc":{"start":{"line":106,"column":18},"end":{"line":115,"column":3}}},"17":{"name":"(anonymous_17)","decl":{"start":{"line":116,"column":9},"end":{"line":116,"column":24}},"loc":{"start":{"line":116,"column":24},"end":{"line":124,"column":3}}}},"branchMap":{"0":{"loc":{"start":{"line":1,"column":12},"end":{"line":1,"column":null}},"type":"binary-expr","locations":[{"start":{"line":1,"column":12},"end":{"line":1,"column":22}},{"start":{"line":1,"column":22},"end":{"line":1,"column":null}}]},"1":{"loc":{"start":{"line":72,"column":4},"end":{"line":85,"column":5}},"type":"if","locations":[{"start":{"line":72,"column":4},"end":{"line":85,"column":5}}]},"2":{"loc":{"start":{"line":72,"column":8},"end":{"line":72,"column":52}},"type":"binary-expr","locations":[{"start":{"line":72,"column":8},"end":{"line":72,"column":18}},{"start":{"line":72,"column":22},"end":{"line":72,"column":52}}]},"3":{"loc":{"start":{"line":73,"column":6},"end":{"line":84,"column":7}},"type":"if","locations":[{"start":{"line":73,"column":6},"end":{"line":84,"column":7}},{"start":{"line":80,"column":13},"end":{"line":84,"column":7}}]}},"s":{"0":3,"1":3,"2":3,"3":2,"4":2,"5":2,"6":2,"7":2,"8":2,"9":2,"10":2,"11":0,"12":2,"13":0,"14":0,"15":0,"16":1,"17":0,"18":0,"19":0,"20":0,"21":0,"22":0,"23":0,"24":0,"25":0,"26":0,"27":2,"28":0,"29":1,"30":0,"31":3},"f":{"0":3,"1":2,"2":2,"3":0,"4":2,"5":0,"6":0,"7":0,"8":1,"9":0,"10":0,"11":0,"12":0,"13":0,"14":2,"15":0,"16":1,"17":0},"b":{"0":[3,3],"1":[0],"2":[0,0],"3":[0,0]}}
,"C:\\Users\\Michelle Antunes\\Desktop\\classFlow_Backend\\tests\\mocks\\HashManagerMock.ts": {"path":"C:\\Users\\Michelle Antunes\\Desktop\\classFlow_Backend\\tests\\mocks\\HashManagerMock.ts","statementMap":{"0":{"start":{"line":2,"column":9},"end":{"line":4,"column":4}},"1":{"start":{"line":2,"column":61},"end":{"line":4,"column":4}},"2":{"start":{"line":3,"column":4},"end":{"line":3,"column":23}},"3":{"start":{"line":6,"column":9},"end":{"line":20,"column":4}},"4":{"start":{"line":9,"column":24},"end":{"line":20,"column":4}},"5":{"start":{"line":10,"column":4},"end":{"line":19,"column":5}},"6":{"start":{"line":12,"column":8},"end":{"line":12,"column":36}},"7":{"start":{"line":15,"column":8},"end":{"line":15,"column":40}},"8":{"start":{"line":18,"column":8},"end":{"line":18,"column":21}},"9":{"start":{"line":1,"column":0},"end":{"line":1,"column":13}}},"fnMap":{"0":{"name":"(anonymous_7)","decl":{"start":{"line":1,"column":0},"end":{"line":1,"column":13}},"loc":{"start":{"line":1,"column":0},"end":{"line":21,"column":1}}},"1":{"name":"(anonymous_8)","decl":{"start":{"line":2,"column":16},"end":{"line":2,"column":23}},"loc":{"start":{"line":2,"column":61},"end":{"line":4,"column":4}}},"2":{"name":"(anonymous_9)","decl":{"start":{"line":2,"column":61},"end":{"line":2,"column":null}},"loc":{"start":{"line":2,"column":61},"end":{"line":4,"column":3}}},"3":{"name":"(anonymous_10)","decl":{"start":{"line":6,"column":19},"end":{"line":6,"column":null}},"loc":{"start":{"line":9,"column":24},"end":{"line":20,"column":4}}},"4":{"name":"(anonymous_11)","decl":{"start":{"line":9,"column":24},"end":{"line":9,"column":null}},"loc":{"start":{"line":9,"column":24},"end":{"line":20,"column":3}}}},"branchMap":{"0":{"loc":{"start":{"line":10,"column":4},"end":{"line":19,"column":5}},"type":"switch","locations":[{"start":{"line":11,"column":6},"end":{"line":12,"column":36}},{"start":{"line":14,"column":6},"end":{"line":15,"column":40}},{"start":{"line":17,"column":6},"end":{"line":18,"column":21}}]}},"s":{"0":3,"1":2,"2":2,"3":3,"4":1,"5":1,"6":1,"7":0,"8":0,"9":3},"f":{"0":3,"1":2,"2":2,"3":1,"4":1},"b":{"0":[1,0,0]}}
,"C:\\Users\\Michelle Antunes\\Desktop\\classFlow_Backend\\tests\\mocks\\IdGeneratorMock.ts": {"path":"C:\\Users\\Michelle Antunes\\Desktop\\classFlow_Backend\\tests\\mocks\\IdGeneratorMock.ts","statementMap":{"0":{"start":{"line":2,"column":9},"end":{"line":4,"column":4}},"1":{"start":{"line":3,"column":4},"end":{"line":3,"column":21}},"2":{"start":{"line":1,"column":0},"end":{"line":1,"column":13}}},"fnMap":{"0":{"name":"(anonymous_0)","decl":{"start":{"line":1,"column":0},"end":{"line":1,"column":13}},"loc":{"start":{"line":1,"column":0},"end":{"line":5,"column":1}}},"1":{"name":"(anonymous_1)","decl":{"start":{"line":2,"column":20},"end":{"line":2,"column":31}},"loc":{"start":{"line":2,"column":33},"end":{"line":4,"column":3}}}},"branchMap":{},"s":{"0":3,"1":1,"2":3},"f":{"0":3,"1":1},"b":{}}
,"C:\\Users\\Michelle Antunes\\Desktop\\classFlow_Backend\\tests\\mocks\\TeacherDatabaseMock.ts": {"path":"C:\\Users\\Michelle Antunes\\Desktop\\classFlow_Backend\\tests\\mocks\\TeacherDatabaseMock.ts","statementMap":{"0":{"start":{"line":1,"column":0},"end":{"line":1,"column":65}},"1":{"start":{"line":2,"column":0},"end":{"line":2,"column":63}},"2":{"start":{"line":4,"column":34},"end":{"line":23,"column":2}},"3":{"start":{"line":26,"column":9},"end":{"line":26,"column":75}},"4":{"start":{"line":26,"column":71},"end":{"line":26,"column":75}},"5":{"start":{"line":28,"column":9},"end":{"line":32,"column":4}},"6":{"start":{"line":30,"column":38},"end":{"line":32,"column":4}},"7":{"start":{"line":31,"column":4},"end":{"line":31,"column":72}},"8":{"start":{"line":31,"column":44},"end":{"line":31,"column":67}},"9":{"start":{"line":33,"column":9},"end":{"line":45,"column":4}},"10":{"start":{"line":36,"column":21},"end":{"line":45,"column":4}},"11":{"start":{"line":37,"column":25},"end":{"line":38,"column":null}},"12":{"start":{"line":38,"column":19},"end":{"line":38,"column":42}},"13":{"start":{"line":40,"column":4},"end":{"line":44,"column":5}},"14":{"start":{"line":41,"column":6},"end":{"line":41,"column":56}},"15":{"start":{"line":43,"column":6},"end":{"line":43,"column":50}},"16":{"start":{"line":25,"column":0},"end":{"line":25,"column":13}}},"fnMap":{"0":{"name":"(anonymous_7)","decl":{"start":{"line":25,"column":0},"end":{"line":25,"column":13}},"loc":{"start":{"line":25,"column":0},"end":{"line":46,"column":1}}},"1":{"name":"(anonymous_8)","decl":{"start":{"line":26,"column":25},"end":{"line":26,"column":32}},"loc":{"start":{"line":26,"column":71},"end":{"line":26,"column":75}}},"2":{"name":"(anonymous_9)","decl":{"start":{"line":26,"column":71},"end":{"line":26,"column":73}},"loc":{"start":{"line":26,"column":71},"end":{"line":26,"column":74}}},"3":{"name":"(anonymous_10)","decl":{"start":{"line":28,"column":31},"end":{"line":28,"column":null}},"loc":{"start":{"line":30,"column":38},"end":{"line":32,"column":4}}},"4":{"name":"(anonymous_11)","decl":{"start":{"line":30,"column":38},"end":{"line":30,"column":null}},"loc":{"start":{"line":30,"column":38},"end":{"line":32,"column":3}}},"5":{"name":"(anonymous_12)","decl":{"start":{"line":31,"column":31},"end":{"line":31,"column":32}},"loc":{"start":{"line":31,"column":44},"end":{"line":31,"column":67}}},"6":{"name":"(anonymous_13)","decl":{"start":{"line":33,"column":33},"end":{"line":33,"column":null}},"loc":{"start":{"line":36,"column":21},"end":{"line":45,"column":4}}},"7":{"name":"(anonymous_14)","decl":{"start":{"line":36,"column":21},"end":{"line":36,"column":null}},"loc":{"start":{"line":36,"column":21},"end":{"line":45,"column":3}}},"8":{"name":"(anonymous_15)","decl":{"start":{"line":38,"column":6},"end":{"line":38,"column":7}},"loc":{"start":{"line":38,"column":19},"end":{"line":38,"column":42}}}},"branchMap":{"0":{"loc":{"start":{"line":40,"column":4},"end":{"line":44,"column":5}},"type":"if","locations":[{"start":{"line":40,"column":4},"end":{"line":44,"column":5}},{"start":{"line":42,"column":11},"end":{"line":44,"column":5}}]}},"s":{"0":3,"1":3,"2":3,"3":3,"4":1,"5":3,"6":2,"7":2,"8":4,"9":3,"10":1,"11":1,"12":1,"13":1,"14":1,"15":0,"16":3},"f":{"0":3,"1":1,"2":1,"3":2,"4":2,"5":4,"6":1,"7":1,"8":1},"b":{"0":[1,0]}}
,"C:\\Users\\Michelle Antunes\\Desktop\\classFlow_Backend\\tests\\mocks\\TokenManagerMock.ts": {"path":"C:\\Users\\Michelle Antunes\\Desktop\\classFlow_Backend\\tests\\mocks\\TokenManagerMock.ts","statementMap":{"0":{"start":{"line":1,"column":0},"end":{"line":1,"column":68}},"1":{"start":{"line":4,"column":9},"end":{"line":15,"column":4}},"2":{"start":{"line":5,"column":4},"end":{"line":14,"column":5}},"3":{"start":{"line":7,"column":6},"end":{"line":7,"column":26}},"4":{"start":{"line":8,"column":11},"end":{"line":14,"column":5}},"5":{"start":{"line":10,"column":6},"end":{"line":10,"column":36}},"6":{"start":{"line":13,"column":6},"end":{"line":13,"column":40}},"7":{"start":{"line":17,"column":9},"end":{"line":33,"column":4}},"8":{"start":{"line":18,"column":4},"end":{"line":32,"column":5}},"9":{"start":{"line":19,"column":6},"end":{"line":23,"column":8}},"10":{"start":{"line":24,"column":11},"end":{"line":32,"column":5}},"11":{"start":{"line":25,"column":6},"end":{"line":29,"column":8}},"12":{"start":{"line":31,"column":6},"end":{"line":31,"column":18}},"13":{"start":{"line":3,"column":0},"end":{"line":3,"column":13}}},"fnMap":{"0":{"name":"(anonymous_0)","decl":{"start":{"line":3,"column":0},"end":{"line":3,"column":13}},"loc":{"start":{"line":3,"column":0},"end":{"line":34,"column":1}}},"1":{"name":"(anonymous_1)","decl":{"start":{"line":4,"column":23},"end":{"line":4,"column":24}},"loc":{"start":{"line":4,"column":57},"end":{"line":15,"column":3}}},"2":{"name":"(anonymous_2)","decl":{"start":{"line":17,"column":22},"end":{"line":17,"column":23}},"loc":{"start":{"line":17,"column":61},"end":{"line":33,"column":3}}}},"branchMap":{"0":{"loc":{"start":{"line":5,"column":4},"end":{"line":14,"column":5}},"type":"if","locations":[{"start":{"line":5,"column":4},"end":{"line":14,"column":5}},{"start":{"line":8,"column":11},"end":{"line":14,"column":5}}]},"1":{"loc":{"start":{"line":8,"column":11},"end":{"line":14,"column":5}},"type":"if","locations":[{"start":{"line":8,"column":11},"end":{"line":14,"column":5}},{"start":{"line":11,"column":11},"end":{"line":14,"column":5}}]},"2":{"loc":{"start":{"line":18,"column":4},"end":{"line":32,"column":5}},"type":"if","locations":[{"start":{"line":18,"column":4},"end":{"line":32,"column":5}},{"start":{"line":24,"column":11},"end":{"line":32,"column":5}}]},"3":{"loc":{"start":{"line":24,"column":11},"end":{"line":32,"column":5}},"type":"if","locations":[{"start":{"line":24,"column":11},"end":{"line":32,"column":5}},{"start":{"line":30,"column":11},"end":{"line":32,"column":5}}]}},"s":{"0":3,"1":3,"2":2,"3":1,"4":1,"5":1,"6":0,"7":3,"8":0,"9":0,"10":0,"11":0,"12":0,"13":3},"f":{"0":3,"1":2,"2":0},"b":{"0":[1,1],"1":[1,0],"2":[0,0],"3":[0,0]}}
}
