TN:
SF:src\business\TeacherBusiness.ts
FN:15,(anonymous_7)
FN:22,(anonymous_8)
FN:22,(anonymous_9)
FN:49,(anonymous_10)
FN:49,(anonymous_11)
FN:87,(anonymous_12)
FN:89,(anonymous_13)
FNF:7
FNH:7
FNDA:3,(anonymous_7)
FNDA:1,(anonymous_8)
FNDA:1,(anonymous_9)
FNDA:1,(anonymous_10)
FNDA:1,(anonymous_11)
FNDA:1,(anonymous_12)
FNDA:1,(anonymous_13)
DA:5,3
DA:8,3
DA:9,3
DA:14,3
DA:16,3
DA:17,3
DA:18,3
DA:19,3
DA:22,3
DA:23,1
DA:24,1
DA:26,1
DA:27,1
DA:35,1
DA:36,1
DA:38,1
DA:43,1
DA:44,1
DA:46,1
DA:49,3
DA:50,1
DA:52,1
DA:54,1
DA:55,0
DA:58,1
DA:67,1
DA:68,1
DA:73,1
DA:74,0
DA:77,1
DA:82,1
DA:83,1
DA:85,1
DA:87,3
DA:89,1
DA:90,1
DA:92,1
DA:93,0
DA:96,1
DA:97,1
DA:98,0
DA:101,1
DA:102,1
LF:43
LH:39
BRDA:54,0,0,0
BRDA:73,1,0,0
BRDA:92,2,0,0
BRDA:97,3,0,0
BRF:4
BRH:0
end_of_record
TN:
SF:src\database\BaseDatabase.ts
FN:16,(anonymous_1)
FNF:1
FNH:0
FNDA:0,(anonymous_1)
DA:1,3
DA:2,3
DA:4,3
DA:6,3
DA:7,3
DA:17,0
LF:6
LH:5
BRF:0
BRH:0
end_of_record
TN:
SF:src\dtos\teacher\login.dto.ts
FN:17,(anonymous_1)
FNF:1
FNH:1
FNDA:1,(anonymous_1)
DA:1,1
DA:12,1
DA:17,1
LF:3
LH:3
BRF:0
BRH:0
end_of_record
TN:
SF:src\dtos\teacher\resetPassword.dto.ts
FN:18,(anonymous_1)
FNF:1
FNH:1
FNDA:1,(anonymous_1)
DA:1,1
DA:12,1
DA:18,1
LF:3
LH:3
BRF:0
BRH:0
end_of_record
TN:
SF:src\dtos\teacher\signup.dto.ts
FN:19,(anonymous_1)
FNF:1
FNH:1
FNDA:1,(anonymous_1)
DA:1,1
DA:13,1
DA:19,1
LF:3
LH:3
BRF:0
BRH:0
end_of_record
TN:
SF:src\errors\BadRequestError.ts
FN:4,(anonymous_0)
FNF:1
FNH:0
FNDA:0,(anonymous_0)
DA:1,3
DA:3,3
DA:5,0
LF:3
LH:2
BRDA:4,0,0,0
BRF:1
BRH:0
end_of_record
TN:
SF:src\errors\BaseError.ts
FN:2,(anonymous_0)
FNF:1
FNH:0
FNDA:0,(anonymous_0)
DA:1,3
DA:2,0
DA:3,0
LF:3
LH:1
BRF:0
BRH:0
end_of_record
TN:
SF:src\models\Student.ts
FN:1,(anonymous_0)
FN:85,(anonymous_1)
FN:94,(anonymous_2)
FN:97,(anonymous_3)
FN:100,(anonymous_4)
FN:103,(anonymous_5)
FN:106,(anonymous_6)
FN:109,(anonymous_7)
FN:112,(anonymous_8)
FN:115,(anonymous_9)
FN:118,(anonymous_10)
FN:121,(anonymous_11)
FN:124,(anonymous_12)
FN:127,(anonymous_13)
FN:130,(anonymous_14)
FN:151,(anonymous_15)
FN:160,(anonymous_16)
FN:163,(anonymous_17)
FN:166,(anonymous_18)
FN:169,(anonymous_19)
FN:172,(anonymous_20)
FN:175,(anonymous_21)
FN:178,(anonymous_22)
FN:181,(anonymous_23)
FN:184,(anonymous_24)
FN:187,(anonymous_25)
FN:190,(anonymous_26)
FN:193,(anonymous_27)
FN:196,(anonymous_28)
FN:209,(anonymous_29)
FN:224,(anonymous_30)
FN:227,(anonymous_31)
FN:230,(anonymous_32)
FN:233,(anonymous_33)
FN:237,(anonymous_34)
FN:240,(anonymous_35)
FN:244,(anonymous_36)
FN:247,(anonymous_37)
FN:250,(anonymous_38)
FN:253,(anonymous_39)
FN:256,(anonymous_40)
FN:259,(anonymous_41)
FN:262,(anonymous_42)
FN:265,(anonymous_43)
FN:268,(anonymous_44)
FN:282,(anonymous_45)
FN:285,(anonymous_46)
FN:288,(anonymous_47)
FN:291,(anonymous_48)
FN:294,(anonymous_49)
FN:297,(anonymous_50)
FN:300,(anonymous_51)
FN:303,(anonymous_52)
FN:306,(anonymous_53)
FN:309,(anonymous_54)
FN:312,(anonymous_55)
FN:315,(anonymous_56)
FN:322,(anonymous_57)
FN:326,(anonymous_58)
FN:338,(anonymous_59)
FN:345,(anonymous_60)
FN:349,(anonymous_61)
FNF:62
FNH:1
FNDA:3,(anonymous_0)
FNDA:0,(anonymous_1)
FNDA:0,(anonymous_2)
FNDA:0,(anonymous_3)
FNDA:0,(anonymous_4)
FNDA:0,(anonymous_5)
FNDA:0,(anonymous_6)
FNDA:0,(anonymous_7)
FNDA:0,(anonymous_8)
FNDA:0,(anonymous_9)
FNDA:0,(anonymous_10)
FNDA:0,(anonymous_11)
FNDA:0,(anonymous_12)
FNDA:0,(anonymous_13)
FNDA:0,(anonymous_14)
FNDA:0,(anonymous_15)
FNDA:0,(anonymous_16)
FNDA:0,(anonymous_17)
FNDA:0,(anonymous_18)
FNDA:0,(anonymous_19)
FNDA:0,(anonymous_20)
FNDA:0,(anonymous_21)
FNDA:0,(anonymous_22)
FNDA:0,(anonymous_23)
FNDA:0,(anonymous_24)
FNDA:0,(anonymous_25)
FNDA:0,(anonymous_26)
FNDA:0,(anonymous_27)
FNDA:0,(anonymous_28)
FNDA:0,(anonymous_29)
FNDA:0,(anonymous_30)
FNDA:0,(anonymous_31)
FNDA:0,(anonymous_32)
FNDA:0,(anonymous_33)
FNDA:0,(anonymous_34)
FNDA:0,(anonymous_35)
FNDA:0,(anonymous_36)
FNDA:0,(anonymous_37)
FNDA:0,(anonymous_38)
FNDA:0,(anonymous_39)
FNDA:0,(anonymous_40)
FNDA:0,(anonymous_41)
FNDA:0,(anonymous_42)
FNDA:0,(anonymous_43)
FNDA:0,(anonymous_44)
FNDA:0,(anonymous_45)
FNDA:0,(anonymous_46)
FNDA:0,(anonymous_47)
FNDA:0,(anonymous_48)
FNDA:0,(anonymous_49)
FNDA:0,(anonymous_50)
FNDA:0,(anonymous_51)
FNDA:0,(anonymous_52)
FNDA:0,(anonymous_53)
FNDA:0,(anonymous_54)
FNDA:0,(anonymous_55)
FNDA:0,(anonymous_56)
FNDA:0,(anonymous_57)
FNDA:0,(anonymous_58)
FNDA:0,(anonymous_59)
FNDA:0,(anonymous_60)
FNDA:0,(anonymous_61)
DA:1,3
DA:2,3
DA:3,3
DA:84,3
DA:86,0
DA:87,0
DA:88,0
DA:89,0
DA:90,0
DA:91,0
DA:95,0
DA:98,0
DA:101,0
DA:104,0
DA:107,0
DA:110,0
DA:113,0
DA:116,0
DA:119,0
DA:122,0
DA:125,0
DA:128,0
DA:131,0
DA:150,3
DA:152,0
DA:153,0
DA:154,0
DA:155,0
DA:156,0
DA:157,0
DA:161,0
DA:164,0
DA:167,0
DA:170,0
DA:173,0
DA:176,0
DA:179,0
DA:182,0
DA:185,0
DA:188,0
DA:191,0
DA:194,0
DA:197,0
DA:208,3
DA:210,0
DA:211,0
DA:212,0
DA:213,0
DA:214,0
DA:215,0
DA:216,0
DA:217,0
DA:218,0
DA:219,0
DA:220,0
DA:221,0
DA:222,0
DA:225,0
DA:228,0
DA:231,0
DA:234,0
DA:238,0
DA:241,0
DA:245,0
DA:248,0
DA:251,0
DA:254,0
DA:257,0
DA:260,0
DA:263,0
DA:266,0
DA:269,0
DA:270,0
DA:271,0
DA:272,0
DA:277,0
DA:280,0
DA:283,0
DA:286,0
DA:289,0
DA:292,0
DA:295,0
DA:298,0
DA:301,0
DA:304,0
DA:307,0
DA:310,0
DA:313,0
DA:316,0
DA:322,0
DA:326,0
DA:339,0
DA:345,0
DA:349,0
LF:94
LH:6
BRDA:1,0,0,3
BRDA:1,0,1,3
BRDA:269,1,0,0
BRDA:269,2,0,0
BRDA:269,2,1,0
BRDA:270,3,0,0
BRDA:270,3,1,0
BRF:7
BRH:2
end_of_record
TN:
SF:src\models\Teacher.ts
FN:1,(anonymous_0)
FN:37,(anonymous_1)
FN:46,(anonymous_2)
FN:49,(anonymous_3)
FN:52,(anonymous_4)
FN:55,(anonymous_5)
FN:58,(anonymous_6)
FN:61,(anonymous_7)
FN:65,(anonymous_8)
FN:68,(anonymous_9)
FN:71,(anonymous_10)
FN:89,(anonymous_11)
FN:92,(anonymous_12)
FN:95,(anonymous_13)
FN:98,(anonymous_14)
FN:101,(anonymous_15)
FN:106,(anonymous_16)
FN:116,(anonymous_17)
FNF:18
FNH:7
FNDA:3,(anonymous_0)
FNDA:2,(anonymous_1)
FNDA:2,(anonymous_2)
FNDA:0,(anonymous_3)
FNDA:2,(anonymous_4)
FNDA:0,(anonymous_5)
FNDA:0,(anonymous_6)
FNDA:0,(anonymous_7)
FNDA:1,(anonymous_8)
FNDA:0,(anonymous_9)
FNDA:0,(anonymous_10)
FNDA:0,(anonymous_11)
FNDA:0,(anonymous_12)
FNDA:0,(anonymous_13)
FNDA:2,(anonymous_14)
FNDA:0,(anonymous_15)
FNDA:1,(anonymous_16)
FNDA:0,(anonymous_17)
DA:1,3
DA:2,3
DA:3,3
DA:36,3
DA:38,2
DA:39,2
DA:40,2
DA:41,2
DA:42,2
DA:43,2
DA:44,2
DA:47,2
DA:50,0
DA:53,2
DA:56,0
DA:59,0
DA:62,0
DA:66,1
DA:69,0
DA:72,0
DA:73,0
DA:75,0
DA:76,0
DA:83,0
DA:86,0
DA:90,0
DA:93,0
DA:96,0
DA:99,2
DA:102,0
DA:107,1
DA:117,0
LF:32
LH:16
BRDA:1,0,0,3
BRDA:1,0,1,3
BRDA:72,1,0,0
BRDA:72,2,0,0
BRDA:72,2,1,0
BRDA:73,3,0,0
BRDA:73,3,1,0
BRF:7
BRH:2
end_of_record
TN:
SF:tests\mocks\HashManagerMock.ts
FN:1,(anonymous_7)
FN:2,(anonymous_8)
FN:2,(anonymous_9)
FN:6,(anonymous_10)
FN:9,(anonymous_11)
FNF:5
FNH:5
FNDA:3,(anonymous_7)
FNDA:2,(anonymous_8)
FNDA:2,(anonymous_9)
FNDA:1,(anonymous_10)
FNDA:1,(anonymous_11)
DA:1,3
DA:2,3
DA:3,2
DA:6,3
DA:9,1
DA:10,1
DA:12,1
DA:15,0
DA:18,0
LF:9
LH:7
BRDA:10,0,0,1
BRDA:10,0,1,0
BRDA:10,0,2,0
BRF:3
BRH:1
end_of_record
TN:
SF:tests\mocks\IdGeneratorMock.ts
FN:1,(anonymous_0)
FN:2,(anonymous_1)
FNF:2
FNH:2
FNDA:3,(anonymous_0)
FNDA:1,(anonymous_1)
DA:1,3
DA:2,3
DA:3,1
LF:3
LH:3
BRF:0
BRH:0
end_of_record
TN:
SF:tests\mocks\TeacherDatabaseMock.ts
FN:25,(anonymous_7)
FN:26,(anonymous_8)
FN:26,(anonymous_9)
FN:28,(anonymous_10)
FN:30,(anonymous_11)
FN:31,(anonymous_12)
FN:33,(anonymous_13)
FN:36,(anonymous_14)
FN:38,(anonymous_15)
FNF:9
FNH:9
FNDA:3,(anonymous_7)
FNDA:1,(anonymous_8)
FNDA:1,(anonymous_9)
FNDA:2,(anonymous_10)
FNDA:2,(anonymous_11)
FNDA:4,(anonymous_12)
FNDA:1,(anonymous_13)
FNDA:1,(anonymous_14)
FNDA:1,(anonymous_15)
DA:1,3
DA:2,3
DA:4,3
DA:25,3
DA:26,3
DA:28,3
DA:30,2
DA:31,4
DA:33,3
DA:36,1
DA:37,1
DA:38,1
DA:40,1
DA:41,1
DA:43,0
LF:15
LH:14
BRDA:40,0,0,1
BRDA:40,0,1,0
BRF:2
BRH:1
end_of_record
TN:
SF:tests\mocks\TokenManagerMock.ts
FN:3,(anonymous_0)
FN:4,(anonymous_1)
FN:17,(anonymous_2)
FNF:3
FNH:2
FNDA:3,(anonymous_0)
FNDA:2,(anonymous_1)
FNDA:0,(anonymous_2)
DA:1,3
DA:3,3
DA:4,3
DA:5,2
DA:7,1
DA:8,1
DA:10,1
DA:13,0
DA:17,3
DA:18,0
DA:19,0
DA:24,0
DA:25,0
DA:31,0
LF:14
LH:8
BRDA:5,0,0,1
BRDA:5,0,1,1
BRDA:8,1,0,1
BRDA:8,1,1,0
BRDA:18,2,0,0
BRDA:18,2,1,0
BRDA:24,3,0,0
BRDA:24,3,1,0
BRF:8
BRH:3
end_of_record
